<?xml version="1.0" encoding="UTF-8"?>
<!-- Generated by org.testng.reporters.JUnitReportReporter -->
<testsuite skipped="0" hostname="DESKTOP-KM7PMGE" name="scrmpro.testcases.com.LoginModule" tests="1" failures="0" timestamp="14 May 2017 09:50:01 GMT" time="1.399" errors="0">
  <testcase name="validLogin" time="1.399" classname="scrmpro.testcases.com.LoginModule"/>
</testsuite> <!-- scrmpro.testcases.com.LoginModule -->
